[2021-03-04 09:46:02] local.ERROR: Command "bootstrap" is not defined. {"exception":"[object] (Symfony\\Component\\Console\\Exception\\CommandNotFoundException(code: 0): Command \"bootstrap\" is not defined. at C:\\Users\\Asus\\Documents\\KULIAH\\Semester 4\\Web Lanjutan\\Pertemuan 4\\belajar-model\\vendor\\symfony\\console\\Application.php:675)
[stacktrace]
#0 C:\\Users\\Asus\\Documents\\KULIAH\\Semester 4\\Web Lanjutan\\Pertemuan 4\\belajar-model\\vendor\\symfony\\console\\Application.php(254): Symfony\\Component\\Console\\Application->find('bootstrap')
#1 C:\\Users\\Asus\\Documents\\KULIAH\\Semester 4\\Web Lanjutan\\Pertemuan 4\\belajar-model\\vendor\\symfony\\console\\Application.php(166): Symfony\\Component\\Console\\Application->doRun(Object(Symfony\\Component\\Console\\Input\\ArgvInput), Object(Symfony\\Component\\Console\\Output\\ConsoleOutput))
#2 C:\\Users\\Asus\\Documents\\KULIAH\\Semester 4\\Web Lanjutan\\Pertemuan 4\\belajar-model\\vendor\\laravel\\framework\\src\\Illuminate\\Console\\Application.php(92): Symfony\\Component\\Console\\Application->run(Object(Symfony\\Component\\Console\\Input\\ArgvInput), Object(Symfony\\Component\\Console\\Output\\ConsoleOutput))
#3 C:\\Users\\Asus\\Documents\\KULIAH\\Semester 4\\Web Lanjutan\\Pertemuan 4\\belajar-model\\vendor\\laravel\\framework\\src\\Illuminate\\Foundation\\Console\\Kernel.php(129): Illuminate\\Console\\Application->run(Object(Symfony\\Component\\Console\\Input\\ArgvInput), Object(Symfony\\Component\\Console\\Output\\ConsoleOutput))
#4 C:\\Users\\Asus\\Documents\\KULIAH\\Semester 4\\Web Lanjutan\\Pertemuan 4\\belajar-model\\artisan(37): Illuminate\\Foundation\\Console\\Kernel->handle(Object(Symfony\\Component\\Console\\Input\\ArgvInput), Object(Symfony\\Component\\Console\\Output\\ConsoleOutput))
#5 {main}
"} 
[2021-03-04 09:54:26] local.ERROR: SQLSTATE[HY000] [1049] Unknown database '02_praktikum_web_lanjut_dua' (SQL: select * from information_schema.tables where table_schema = 02_praktikum_web_lanjut_dua and table_name = migrations and table_type = 'BASE TABLE') {"exception":"[object] (Illuminate\\Database\\QueryException(code: 1049): SQLSTATE[HY000] [1049] Unknown database '02_praktikum_web_lanjut_dua' (SQL: select * from information_schema.tables where table_schema = 02_praktikum_web_lanjut_dua and table_name = migrations and table_type = 'BASE TABLE') at C:\\Users\\Asus\\Documents\\KULIAH\\Semester 4\\Web Lanjutan\\Pertemuan 4\\belajar-model\\vendor\\laravel\\framework\\src\\Illuminate\\Database\\Connection.php:678)
[stacktrace]
#0 C:\\Users\\Asus\\Documents\\KULIAH\\Semester 4\\Web Lanjutan\\Pertemuan 4\\belajar-model\\vendor\\laravel\\framework\\src\\Illuminate\\Database\\Connection.php(638): Illuminate\\Database\\Connection->runQueryCallback('select * from i...', Array, Object(Closure))
#1 C:\\Users\\Asus\\Documents\\KULIAH\\Semester 4\\Web Lanjutan\\Pertemuan 4\\belajar-model\\vendor\\laravel\\framework\\src\\Illuminate\\Database\\Connection.php(346): Illuminate\\Database\\Connection->run('select * from i...', Array, Object(Closure))
#2 C:\\Users\\Asus\\Documents\\KULIAH\\Semester 4\\Web Lanjutan\\Pertemuan 4\\belajar-model\\vendor\\laravel\\framework\\src\\Illuminate\\Database\\Schema\\MySqlBuilder.php(44): Illuminate\\Database\\Connection->select('select * from i...', Array)
#3 C:\\Users\\Asus\\Documents\\KULIAH\\Semester 4\\Web Lanjutan\\Pertemuan 4\\belajar-model\\vendor\\laravel\\framework\\src\\Illuminate\\Database\\Migrations\\DatabaseMigrationRepository.php(169): Illuminate\\Database\\Schema\\MySqlBuilder->hasTable('migrations')
#4 C:\\Users\\Asus\\Documents\\KULIAH\\Semester 4\\Web Lanjutan\\Pertemuan 4\\belajar-model\\vendor\\laravel\\framework\\src\\Illuminate\\Database\\Migrations\\Migrator.php(608): Illuminate\\Database\\Migrations\\DatabaseMigrationRepository->repositoryExists()
#5 C:\\Users\\Asus\\Documents\\KULIAH\\Semester 4\\Web Lanjutan\\Pertemuan 4\\belajar-model\\vendor\\laravel\\framework\\src\\Illuminate\\Database\\Console\\Migrations\\MigrateCommand.php(106): Illuminate\\Database\\Migrations\\Migrator->repositoryExists()
#6 C:\\Users\\Asus\\Documents\\KULIAH\\Semester 4\\Web Lanjutan\\Pertemuan 4\\belajar-model\\vendor\\laravel\\framework\\src\\Illuminate\\Database\\Console\\Migrations\\MigrateCommand.php(77): Illuminate\\Database\\Console\\Migrations\\MigrateCommand->prepareDatabase()
#7 C:\\Users\\Asus\\Documents\\KULIAH\\Semester 4\\Web Lanjutan\\Pertemuan 4\\belajar-model\\vendor\\laravel\\framework\\src\\Illuminate\\Database\\Migrations\\Migrator.php(541): Illuminate\\Database\\Console\\Migrations\\MigrateCommand->Illuminate\\Database\\Console\\Migrations\\{closure}()
#8 C:\\Users\\Asus\\Documents\\KULIAH\\Semester 4\\Web Lanjutan\\Pertemuan 4\\belajar-model\\vendor\\laravel\\framework\\src\\Illuminate\\Database\\Console\\Migrations\\MigrateCommand.php(94): Illuminate\\Database\\Migrations\\Migrator->usingConnection(NULL, Object(Closure))
#9 C:\\Users\\Asus\\Documents\\KULIAH\\Semester 4\\Web Lanjutan\\Pertemuan 4\\belajar-model\\vendor\\laravel\\framework\\src\\Illuminate\\Container\\BoundMethod.php(36): Illuminate\\Database\\Console\\Migrations\\MigrateCommand->handle()
#10 C:\\Users\\Asus\\Documents\\KULIAH\\Semester 4\\Web Lanjutan\\Pertemuan 4\\belajar-model\\vendor\\laravel\\framework\\src\\Illuminate\\Container\\Util.php(40): Illuminate\\Container\\BoundMethod::Illuminate\\Container\\{closure}()
#11 C:\\Users\\Asus\\Documents\\KULIAH\\Semester 4\\Web Lanjutan\\Pertemuan 4\\belajar-model\\vendor\\laravel\\framework\\src\\Illuminate\\Container\\BoundMethod.php(93): Illuminate\\Container\\Util::unwrapIfClosure(Object(Closure))
#12 C:\\Users\\Asus\\Documents\\KULIAH\\Semester 4\\Web Lanjutan\\Pertemuan 4\\belajar-model\\vendor\\laravel\\framework\\src\\Illuminate\\Container\\BoundMethod.php(37): Illuminate\\Container\\BoundMethod::callBoundMethod(Object(Illuminate\\Foundation\\Application), Array, Object(Closure))
#13 C:\\Users\\Asus\\Documents\\KULIAH\\Semester 4\\Web Lanjutan\\Pertemuan 4\\belajar-model\\vendor\\laravel\\framework\\src\\Illuminate\\Container\\Container.php(610): Illuminate\\Container\\BoundMethod::call(Object(Illuminate\\Foundation\\Application), Array, Array, NULL)
#14 C:\\Users\\Asus\\Documents\\KULIAH\\Semester 4\\Web Lanjutan\\Pertemuan 4\\belajar-model\\vendor\\laravel\\framework\\src\\Illuminate\\Console\\Command.php(136): Illuminate\\Container\\Container->call(Array)
#15 C:\\Users\\Asus\\Documents\\KULIAH\\Semester 4\\Web Lanjutan\\Pertemuan 4\\belajar-model\\vendor\\symfony\\console\\Command\\Command.php(256): Illuminate\\Console\\Command->execute(Object(Symfony\\Component\\Console\\Input\\ArgvInput), Object(Illuminate\\Console\\OutputStyle))
#16 C:\\Users\\Asus\\Documents\\KULIAH\\Semester 4\\Web Lanjutan\\Pertemuan 4\\belajar-model\\vendor\\laravel\\framework\\src\\Illuminate\\Console\\Command.php(121): Symfony\\Component\\Console\\Command\\Command->run(Object(Symfony\\Component\\Console\\Input\\ArgvInput), Object(Illuminate\\Console\\OutputStyle))
#17 C:\\Users\\Asus\\Documents\\KULIAH\\Semester 4\\Web Lanjutan\\Pertemuan 4\\belajar-model\\vendor\\symfony\\console\\Application.php(971): Illuminate\\Console\\Command->run(Object(Symfony\\Component\\Console\\Input\\ArgvInput), Object(Symfony\\Component\\Console\\Output\\ConsoleOutput))
#18 C:\\Users\\Asus\\Documents\\KULIAH\\Semester 4\\Web Lanjutan\\Pertemuan 4\\belajar-model\\vendor\\symfony\\console\\Application.php(290): Symfony\\Component\\Console\\Application->doRunCommand(Object(Illuminate\\Database\\Console\\Migrations\\MigrateCommand), Object(Symfony\\Component\\Console\\Input\\ArgvInput), Object(Symfony\\Component\\Console\\Output\\ConsoleOutput))
#19 C:\\Users\\Asus\\Documents\\KULIAH\\Semester 4\\Web Lanjutan\\Pertemuan 4\\belajar-model\\vendor\\symfony\\console\\Application.php(166): Symfony\\Component\\Console\\Application->doRun(Object(Symfony\\Component\\Console\\Input\\ArgvInput), Object(Symfony\\Component\\Console\\Output\\ConsoleOutput))
#20 C:\\Users\\Asus\\Documents\\KULIAH\\Semester 4\\Web Lanjutan\\Pertemuan 4\\belajar-model\\vendor\\laravel\\framework\\src\\Illuminate\\Console\\Application.php(92): Symfony\\Component\\Console\\Application->run(Object(Symfony\\Component\\Console\\Input\\ArgvInput), Object(Symfony\\Component\\Console\\Output\\ConsoleOutput))
#21 C:\\Users\\Asus\\Documents\\KULIAH\\Semester 4\\Web Lanjutan\\Pertemuan 4\\belajar-model\\vendor\\laravel\\framework\\src\\Illuminate\\Foundation\\Console\\Kernel.php(129): Illuminate\\Console\\Application->run(Object(Symfony\\Component\\Console\\Input\\ArgvInput), Object(Symfony\\Component\\Console\\Output\\ConsoleOutput))
#22 C:\\Users\\Asus\\Documents\\KULIAH\\Semester 4\\Web Lanjutan\\Pertemuan 4\\belajar-model\\artisan(37): Illuminate\\Foundation\\Console\\Kernel->handle(Object(Symfony\\Component\\Console\\Input\\ArgvInput), Object(Symfony\\Component\\Console\\Output\\ConsoleOutput))
#23 {main}

[previous exception] [object] (PDOException(code: 1049): SQLSTATE[HY000] [1049] Unknown database '02_praktikum_web_lanjut_dua' at C:\\Users\\Asus\\Documents\\KULIAH\\Semester 4\\Web Lanjutan\\Pertemuan 4\\belajar-model\\vendor\\laravel\\framework\\src\\Illuminate\\Database\\Connectors\\Connector.php:70)
[stacktrace]
#0 C:\\Users\\Asus\\Documents\\KULIAH\\Semester 4\\Web Lanjutan\\Pertemuan 4\\belajar-model\\vendor\\laravel\\framework\\src\\Illuminate\\Database\\Connectors\\Connector.php(70): PDO->__construct('mysql:host=127....', 'root', '', Array)
#1 C:\\Users\\Asus\\Documents\\KULIAH\\Semester 4\\Web Lanjutan\\Pertemuan 4\\belajar-model\\vendor\\laravel\\framework\\src\\Illuminate\\Database\\Connectors\\Connector.php(46): Illuminate\\Database\\Connectors\\Connector->createPdoConnection('mysql:host=127....', 'root', '', Array)
#2 C:\\Users\\Asus\\Documents\\KULIAH\\Semester 4\\Web Lanjutan\\Pertemuan 4\\belajar-model\\vendor\\laravel\\framework\\src\\Illuminate\\Database\\Connectors\\MySqlConnector.php(24): Illuminate\\Database\\Connectors\\Connector->createConnection('mysql:host=127....', Array, Array)
#3 C:\\Users\\Asus\\Documents\\KULIAH\\Semester 4\\Web Lanjutan\\Pertemuan 4\\belajar-model\\vendor\\laravel\\framework\\src\\Illuminate\\Database\\Connectors\\ConnectionFactory.php(184): Illuminate\\Database\\Connectors\\MySqlConnector->connect(Array)
#4 [internal function]: Illuminate\\Database\\Connectors\\ConnectionFactory->Illuminate\\Database\\Connectors\\{closure}()
#5 C:\\Users\\Asus\\Documents\\KULIAH\\Semester 4\\Web Lanjutan\\Pertemuan 4\\belajar-model\\vendor\\laravel\\framework\\src\\Illuminate\\Database\\Connection.php(939): call_user_func(Object(Closure))
#6 C:\\Users\\Asus\\Documents\\KULIAH\\Semester 4\\Web Lanjutan\\Pertemuan 4\\belajar-model\\vendor\\laravel\\framework\\src\\Illuminate\\Database\\Connection.php(974): Illuminate\\Database\\Connection->getPdo()
#7 C:\\Users\\Asus\\Documents\\KULIAH\\Semester 4\\Web Lanjutan\\Pertemuan 4\\belajar-model\\vendor\\laravel\\framework\\src\\Illuminate\\Database\\Connection.php(412): Illuminate\\Database\\Connection->getReadPdo()
#8 C:\\Users\\Asus\\Documents\\KULIAH\\Semester 4\\Web Lanjutan\\Pertemuan 4\\belajar-model\\vendor\\laravel\\framework\\src\\Illuminate\\Database\\Connection.php(338): Illuminate\\Database\\Connection->getPdoForSelect(true)
#9 C:\\Users\\Asus\\Documents\\KULIAH\\Semester 4\\Web Lanjutan\\Pertemuan 4\\belajar-model\\vendor\\laravel\\framework\\src\\Illuminate\\Database\\Connection.php(671): Illuminate\\Database\\Connection->Illuminate\\Database\\{closure}('select * from i...', Array)
#10 C:\\Users\\Asus\\Documents\\KULIAH\\Semester 4\\Web Lanjutan\\Pertemuan 4\\belajar-model\\vendor\\laravel\\framework\\src\\Illuminate\\Database\\Connection.php(638): Illuminate\\Database\\Connection->runQueryCallback('select * from i...', Array, Object(Closure))
#11 C:\\Users\\Asus\\Documents\\KULIAH\\Semester 4\\Web Lanjutan\\Pertemuan 4\\belajar-model\\vendor\\laravel\\framework\\src\\Illuminate\\Database\\Connection.php(346): Illuminate\\Database\\Connection->run('select * from i...', Array, Object(Closure))
#12 C:\\Users\\Asus\\Documents\\KULIAH\\Semester 4\\Web Lanjutan\\Pertemuan 4\\belajar-model\\vendor\\laravel\\framework\\src\\Illuminate\\Database\\Schema\\MySqlBuilder.php(44): Illuminate\\Database\\Connection->select('select * from i...', Array)
#13 C:\\Users\\Asus\\Documents\\KULIAH\\Semester 4\\Web Lanjutan\\Pertemuan 4\\belajar-model\\vendor\\laravel\\framework\\src\\Illuminate\\Database\\Migrations\\DatabaseMigrationRepository.php(169): Illuminate\\Database\\Schema\\MySqlBuilder->hasTable('migrations')
#14 C:\\Users\\Asus\\Documents\\KULIAH\\Semester 4\\Web Lanjutan\\Pertemuan 4\\belajar-model\\vendor\\laravel\\framework\\src\\Illuminate\\Database\\Migrations\\Migrator.php(608): Illuminate\\Database\\Migrations\\DatabaseMigrationRepository->repositoryExists()
#15 C:\\Users\\Asus\\Documents\\KULIAH\\Semester 4\\Web Lanjutan\\Pertemuan 4\\belajar-model\\vendor\\laravel\\framework\\src\\Illuminate\\Database\\Console\\Migrations\\MigrateCommand.php(106): Illuminate\\Database\\Migrations\\Migrator->repositoryExists()
#16 C:\\Users\\Asus\\Documents\\KULIAH\\Semester 4\\Web Lanjutan\\Pertemuan 4\\belajar-model\\vendor\\laravel\\framework\\src\\Illuminate\\Database\\Console\\Migrations\\MigrateCommand.php(77): Illuminate\\Database\\Console\\Migrations\\MigrateCommand->prepareDatabase()
#17 C:\\Users\\Asus\\Documents\\KULIAH\\Semester 4\\Web Lanjutan\\Pertemuan 4\\belajar-model\\vendor\\laravel\\framework\\src\\Illuminate\\Database\\Migrations\\Migrator.php(541): Illuminate\\Database\\Console\\Migrations\\MigrateCommand->Illuminate\\Database\\Console\\Migrations\\{closure}()
#18 C:\\Users\\Asus\\Documents\\KULIAH\\Semester 4\\Web Lanjutan\\Pertemuan 4\\belajar-model\\vendor\\laravel\\framework\\src\\Illuminate\\Database\\Console\\Migrations\\MigrateCommand.php(94): Illuminate\\Database\\Migrations\\Migrator->usingConnection(NULL, Object(Closure))
#19 C:\\Users\\Asus\\Documents\\KULIAH\\Semester 4\\Web Lanjutan\\Pertemuan 4\\belajar-model\\vendor\\laravel\\framework\\src\\Illuminate\\Container\\BoundMethod.php(36): Illuminate\\Database\\Console\\Migrations\\MigrateCommand->handle()
#20 C:\\Users\\Asus\\Documents\\KULIAH\\Semester 4\\Web Lanjutan\\Pertemuan 4\\belajar-model\\vendor\\laravel\\framework\\src\\Illuminate\\Container\\Util.php(40): Illuminate\\Container\\BoundMethod::Illuminate\\Container\\{closure}()
#21 C:\\Users\\Asus\\Documents\\KULIAH\\Semester 4\\Web Lanjutan\\Pertemuan 4\\belajar-model\\vendor\\laravel\\framework\\src\\Illuminate\\Container\\BoundMethod.php(93): Illuminate\\Container\\Util::unwrapIfClosure(Object(Closure))
#22 C:\\Users\\Asus\\Documents\\KULIAH\\Semester 4\\Web Lanjutan\\Pertemuan 4\\belajar-model\\vendor\\laravel\\framework\\src\\Illuminate\\Container\\BoundMethod.php(37): Illuminate\\Container\\BoundMethod::callBoundMethod(Object(Illuminate\\Foundation\\Application), Array, Object(Closure))
#23 C:\\Users\\Asus\\Documents\\KULIAH\\Semester 4\\Web Lanjutan\\Pertemuan 4\\belajar-model\\vendor\\laravel\\framework\\src\\Illuminate\\Container\\Container.php(610): Illuminate\\Container\\BoundMethod::call(Object(Illuminate\\Foundation\\Application), Array, Array, NULL)
#24 C:\\Users\\Asus\\Documents\\KULIAH\\Semester 4\\Web Lanjutan\\Pertemuan 4\\belajar-model\\vendor\\laravel\\framework\\src\\Illuminate\\Console\\Command.php(136): Illuminate\\Container\\Container->call(Array)
#25 C:\\Users\\Asus\\Documents\\KULIAH\\Semester 4\\Web Lanjutan\\Pertemuan 4\\belajar-model\\vendor\\symfony\\console\\Command\\Command.php(256): Illuminate\\Console\\Command->execute(Object(Symfony\\Component\\Console\\Input\\ArgvInput), Object(Illuminate\\Console\\OutputStyle))
#26 C:\\Users\\Asus\\Documents\\KULIAH\\Semester 4\\Web Lanjutan\\Pertemuan 4\\belajar-model\\vendor\\laravel\\framework\\src\\Illuminate\\Console\\Command.php(121): Symfony\\Component\\Console\\Command\\Command->run(Object(Symfony\\Component\\Console\\Input\\ArgvInput), Object(Illuminate\\Console\\OutputStyle))
#27 C:\\Users\\Asus\\Documents\\KULIAH\\Semester 4\\Web Lanjutan\\Pertemuan 4\\belajar-model\\vendor\\symfony\\console\\Application.php(971): Illuminate\\Console\\Command->run(Object(Symfony\\Component\\Console\\Input\\ArgvInput), Object(Symfony\\Component\\Console\\Output\\ConsoleOutput))
#28 C:\\Users\\Asus\\Documents\\KULIAH\\Semester 4\\Web Lanjutan\\Pertemuan 4\\belajar-model\\vendor\\symfony\\console\\Application.php(290): Symfony\\Component\\Console\\Application->doRunCommand(Object(Illuminate\\Database\\Console\\Migrations\\MigrateCommand), Object(Symfony\\Component\\Console\\Input\\ArgvInput), Object(Symfony\\Component\\Console\\Output\\ConsoleOutput))
#29 C:\\Users\\Asus\\Documents\\KULIAH\\Semester 4\\Web Lanjutan\\Pertemuan 4\\belajar-model\\vendor\\symfony\\console\\Application.php(166): Symfony\\Component\\Console\\Application->doRun(Object(Symfony\\Component\\Console\\Input\\ArgvInput), Object(Symfony\\Component\\Console\\Output\\ConsoleOutput))
#30 C:\\Users\\Asus\\Documents\\KULIAH\\Semester 4\\Web Lanjutan\\Pertemuan 4\\belajar-model\\vendor\\laravel\\framework\\src\\Illuminate\\Console\\Application.php(92): Symfony\\Component\\Console\\Application->run(Object(Symfony\\Component\\Console\\Input\\ArgvInput), Object(Symfony\\Component\\Console\\Output\\ConsoleOutput))
#31 C:\\Users\\Asus\\Documents\\KULIAH\\Semester 4\\Web Lanjutan\\Pertemuan 4\\belajar-model\\vendor\\laravel\\framework\\src\\Illuminate\\Foundation\\Console\\Kernel.php(129): Illuminate\\Console\\Application->run(Object(Symfony\\Component\\Console\\Input\\ArgvInput), Object(Symfony\\Component\\Console\\Output\\ConsoleOutput))
#32 C:\\Users\\Asus\\Documents\\KULIAH\\Semester 4\\Web Lanjutan\\Pertemuan 4\\belajar-model\\artisan(37): Illuminate\\Foundation\\Console\\Kernel->handle(Object(Symfony\\Component\\Console\\Input\\ArgvInput), Object(Symfony\\Component\\Console\\Output\\ConsoleOutput))
#33 {main}
"} 
